<?xml version="1.0" encoding="UTF-8"?>
<!-- Generated by org.testng.reporters.JUnitReportReporter -->
<testsuite hostname="NODTBSD176AG" name="com.stta.SuiteOne.SuiteOneCaseOne" tests="2" failures="0" timestamp="19 Jun 2015 06:18:00 GMT" time="0.019" errors="0">
  <testcase name="SuiteOneCaseOneTest" time="0.012" classname="com.stta.SuiteOne.SuiteOneCaseOne"/>
  <testcase name="SuiteOneCaseOneTest" time="0.007" classname="com.stta.SuiteOne.SuiteOneCaseOne"/>
</testsuite> <!-- com.stta.SuiteOne.SuiteOneCaseOne -->
