<?xml version="1.0" encoding="UTF-8"?>
<!-- Generated by org.testng.reporters.JUnitReportReporter -->
<testsuite hostname="NODTBSD176AG" name="com.stta.SuiteOne.SuiteOneCaseTwo" tests="2" failures="0" timestamp="19 Jun 2015 06:18:00 GMT" time="0.012" errors="0">
  <testcase name="SuiteOneCaseTwoTest" time="0.006" classname="com.stta.SuiteOne.SuiteOneCaseTwo"/>
  <testcase name="SuiteOneCaseTwoTest" time="0.006" classname="com.stta.SuiteOne.SuiteOneCaseTwo"/>
</testsuite> <!-- com.stta.SuiteOne.SuiteOneCaseTwo -->
