<?xml version="1.0" encoding="UTF-8"?>
<!-- Generated by org.testng.reporters.JUnitReportReporter -->
<testsuite hostname="NODTBSD176AG" name="com.stta.SuiteTwo.SuiteTwoCaseOne" tests="2" failures="0" timestamp="19 Jun 2015 06:18:00 GMT" time="0.011" errors="0">
  <testcase name="SuiteTwoCaseOneTest" time="0.005" classname="com.stta.SuiteTwo.SuiteTwoCaseOne"/>
  <testcase name="SuiteTwoCaseOneTest" time="0.006" classname="com.stta.SuiteTwo.SuiteTwoCaseOne"/>
</testsuite> <!-- com.stta.SuiteTwo.SuiteTwoCaseOne -->
