<?xml version="1.0" encoding="UTF-8"?>
<!-- Generated by org.testng.reporters.JUnitReportReporter -->
<testsuite hostname="NODTBSD176AG" name="com.stta.SuiteThree.SuiteThreeCaseTwo" tests="2" failures="0" timestamp="19 Jun 2015 06:18:00 GMT" time="0.021" errors="0">
  <testcase name="SuiteOneCaseTwoTest" time="0.012" classname="com.stta.SuiteThree.SuiteThreeCaseTwo"/>
  <testcase name="SuiteOneCaseTwoTest" time="0.009" classname="com.stta.SuiteThree.SuiteThreeCaseTwo"/>
</testsuite> <!-- com.stta.SuiteThree.SuiteThreeCaseTwo -->
