<?xml version="1.0" encoding="UTF-8"?>
<!-- Generated by org.testng.reporters.JUnitReportReporter -->
<testsuite hostname="NODTBSD176AG" name="com.stta.SuiteTwo.SuiteTwoCaseTwo" tests="2" failures="0" timestamp="19 Jun 2015 06:18:00 GMT" time="0.016" errors="0">
  <testcase name="SuiteTwoCaseTwoTest" time="0.009" classname="com.stta.SuiteTwo.SuiteTwoCaseTwo"/>
  <testcase name="SuiteTwoCaseTwoTest" time="0.007" classname="com.stta.SuiteTwo.SuiteTwoCaseTwo"/>
</testsuite> <!-- com.stta.SuiteTwo.SuiteTwoCaseTwo -->
