<?xml version="1.0" encoding="UTF-8"?>
<!-- Generated by org.testng.reporters.JUnitReportReporter -->
<testsuite hostname="NODTBSD176AG" name="com.stta.SuiteThree.SuiteThreeCaseOne" tests="2" failures="0" timestamp="19 Jun 2015 06:18:00 GMT" time="0.012" errors="0">
  <testcase name="SuiteThreeCaseOneTest" time="0.006" classname="com.stta.SuiteThree.SuiteThreeCaseOne"/>
  <testcase name="SuiteThreeCaseOneTest" time="0.006" classname="com.stta.SuiteThree.SuiteThreeCaseOne"/>
</testsuite> <!-- com.stta.SuiteThree.SuiteThreeCaseOne -->
